mode: atomic
github.com/Konstantin8105/ss/htop/htop.go:9.13,12.2 2 1
github.com/Konstantin8105/ss/htop/htop.go:21.34,24.16 3 1
github.com/Konstantin8105/ss/htop/htop.go:27.2,27.12 1 1
github.com/Konstantin8105/ss/htop/htop.go:24.16,26.3 1 0
github.com/Konstantin8105/ss/htop/htop.go:30.21,32.2 1 0
github.com/Konstantin8105/ss/nginx/nginx.go:9.13,12.2 2 1
github.com/Konstantin8105/ss/nginx/nginx.go:17.35,20.2 2 1
github.com/Konstantin8105/ss/nginx/nginx.go:22.22,24.2 1 0
github.com/Konstantin8105/ss/starter/set.go:4.30,10.2 4 0
github.com/Konstantin8105/ss/starter/starter.go:20.13,22.2 1 1
github.com/Konstantin8105/ss/starter/starter.go:25.22,30.29 4 3
github.com/Konstantin8105/ss/starter/starter.go:33.2,34.13 2 3
github.com/Konstantin8105/ss/starter/starter.go:30.29,32.3 1 6
github.com/Konstantin8105/ss/starter/starter.go:40.45,44.20 3 2
github.com/Konstantin8105/ss/starter/starter.go:47.2,47.35 1 2
github.com/Konstantin8105/ss/starter/starter.go:51.2,51.26 1 2
github.com/Konstantin8105/ss/starter/starter.go:44.20,45.26 1 0
github.com/Konstantin8105/ss/starter/starter.go:47.35,48.44 1 0
github.com/Konstantin8105/ss/starter/starter.go:54.36,55.26 1 2
github.com/Konstantin8105/ss/starter/starter.go:60.2,60.71 1 0
github.com/Konstantin8105/ss/starter/starter.go:55.26,56.23 1 3
github.com/Konstantin8105/ss/starter/starter.go:56.23,58.4 1 2
github.com/Konstantin8105/ss/starter/test.go:6.43,12.16 5 2
github.com/Konstantin8105/ss/starter/test.go:15.2,15.12 1 2
github.com/Konstantin8105/ss/starter/test.go:12.16,14.3 1 0
github.com/Konstantin8105/ss/starter/util.go:9.37,11.16 2 1
github.com/Konstantin8105/ss/starter/util.go:15.2,15.58 1 1
github.com/Konstantin8105/ss/starter/util.go:20.2,22.12 2 1
github.com/Konstantin8105/ss/starter/util.go:11.16,13.3 1 0
github.com/Konstantin8105/ss/starter/util.go:15.58,18.3 1 0
github.com/Konstantin8105/ss/main.go:49.13,52.2 2 0
github.com/Konstantin8105/ss/main.go:56.16,59.9 2 2
github.com/Konstantin8105/ss/main.go:99.2,99.10 1 2
github.com/Konstantin8105/ss/main.go:60.20,62.49 1 0
github.com/Konstantin8105/ss/main.go:64.17,68.28 3 1
github.com/Konstantin8105/ss/main.go:72.3,72.63 1 1
github.com/Konstantin8105/ss/main.go:74.17,77.28 2 1
github.com/Konstantin8105/ss/main.go:86.16,89.28 2 0
github.com/Konstantin8105/ss/main.go:95.10,97.15 1 0
github.com/Konstantin8105/ss/main.go:68.28,71.4 2 2
github.com/Konstantin8105/ss/main.go:77.28,81.18 4 2
github.com/Konstantin8105/ss/main.go:81.18,83.5 1 0
github.com/Konstantin8105/ss/main.go:89.28,93.4 3 0
